<?xml version="1.0" encoding="UTF-8"?>
<Site BuildName="Darwin-clang++"
	BuildStamp="20240115-1458-Experimental"
	Name="Fujikos-MacBook-Air.local"
	Generator="ctest-3.23.1"
	CompilerName="/usr/bin/clang++"
	CompilerVersion="14.0.3.14030022"
	OSName="macOS"
	Hostname="Fujikos-MacBook-Air.local"
	OSRelease="14.2.1"
	OSVersion="23C71"
	OSPlatform="x86_64"
	Is64Bits="1"
	VendorString="GenuineIntel"
	VendorID="Intel Corporation"
	FamilyID="6"
	ModelID="126"
	ProcessorCacheSize="32768"
	NumberOfLogicalCPU="8"
	NumberOfPhysicalCPU="4"
	TotalVirtualMemory="4096"
	TotalPhysicalMemory="8192"
	LogicalProcessorsPerPhysical="8"
	ProcessorClockFrequency="1100"
	>
	<Testing>
		<StartDateTime>Jan 15 15:12 GMT</StartDateTime>
		<StartTestTime>1705331558</StartTestTime>
		<TestList/>
		<EndDateTime>Jan 15 15:12 GMT</EndDateTime>
		<EndTestTime>1705331558</EndTestTime>
		<ElapsedMinutes>0</ElapsedMinutes>
	</Testing>
</Site>
